GD     Event Table Maintenance   mm/dd/yy = 06/23/21  hh:mm:ss = 16:22:22
-------------------------------------------------------------------------
       0x0000  000                                    ศอออออออออออออออออผ
                    txt  flag max msk dec  help  act  ษอออออออออออออออออป
*000*               001  0x00  03  03  00  0000  007  บ closed state    บ
line#    code  nxt  alt  lock max min dec  spec  act  ฬอออออออออออออออออน
*001*  0x000d  061  017  0x05  03  01  00  0001  003  บ ckr/sup open    บ
*002*  0x4f4f  061  017  0x05  16  04  00  0001  003  บ ckr/sup badge   บ
*003*  0x4d4d  061  017  0x05  20  04  00  0001  003  บ ckr/sup by msr  บ
*004*  0x00be  000  000  0x05  00  00  00  0057  107  บ price inquiry   บ
*005*  0xcda0  000  000  0x0f  00  00  00  0099  007  บ auto clusterEOD บ
*006*  0x00f1  008  008  0x85  02  01  00  0099  007  บ online eod      บ
*007*  0x001b  000  000  0x05  01  00  00  0000  002  บ exit from pos   บ
       0x0000  000                                    ศอออออออออออออออออผ
                    txt  flag max msk dec  help  act  ษอออออออออออออออออป
*008*               001  0x01  03  03  00  9900  000  บ online eod 99   บ
line#    code  nxt  alt  lock max min dec  spec  act  ฬอออออออออออออออออน
*009*  0x000d  000  000  0x05  03  01  00  0000  007  บ ckr/sup number  บ
*010*  0x4f4f  000  000  0x05  16  04  00  0000  007  บ ckr/sup badge   บ
*011*  0x4d4d  000  000  0x05  20  04  00  0000  007  บ ckr/sup by msr  บ
*012*  0x001b  000  000  0x05  00  00  00  0000  030  บ trans. clear    บ
       0x0000  000                                    ศอออออออออออออออออผ
                    txt  flag max msk dec  help  act  ษอออออออออออออออออป
*013*               001  0x00  03  03  00  0800  102  บ checker pause   บ
line#    code  nxt  alt  lock max min dec  spec  act  ฬอออออออออออออออออน
*014*  0x000d  061  000  0x05  03  01  00  0000  005  บ ckr number      บ
*015*  0x4f4f  061  000  0x05  16  04  00  0000  005  บ ckr badge       บ
*016*  0x4d4d  061  000  0x05  20  04  00  0000  005  บ ckr card by msr บ
       0x0000  000                                    ศอออออออออออออออออผ
                    txt  flag max msk dec  help  act  ษอออออออออออออออออป
*017*               014  0x01  02  02  00  8001  102  บ sup ready state บ
line#    code  nxt  alt  lock max min dec  spec  act  ฬอออออออออออออออออน
*018*  0x00f1  021  021  0x05  02  00  00  0000  001  บ menu admin      บ
*019*  0x00a2  000  000  0x0f  00  00  21  0002  004  บ super close     บ
*020*  0x000c  017  017  0x04  00  00  00  0061  106  บ journal watch   บ
       0x0000  000                                    ศอออออออออออออออออผ
                    txt  flag max msk dec  help  hdr  ษอออออออออออออออออป
*021*               014  0xff  02  02  00  8001  003  บ sup menu admin  บ
line#    code  nxt  alt  lock lin pos txt  spec  act  ฬอออออออออออออออออน
*022*  0x0002  000  000  0x05  01  00  21  0002  004  บ super close     บ
*023*  0x0013  017  017  0x04  03  00  07  0019  099  บ ckr settlement  บ
*024*  0x0014  017  017  0x04  04  00  08  0020  090  บ ckr tbl report  บ
*025*  0x001d  049  049  0x04  06  00  17  0029  100  บ pluean inq/mnt  บ
*026*  0x004c  017  017  0x04  08  00  38  0076  006  บ password change บ
*027*  0x0062  058  058  0x04  09  00  02  0098  008  บ declare defect  บ
*028*  0x0063  000  000  0x04  10  00  18  0099  009  บ end-of-day      บ
       0x0000  000                                    ศอออออออออออออออออผ
                    txt  flag max msk dec  help  act  ษอออออออออออออออออป
*029*               015  0xf6  01  01  00  8025  064  บ slm report type บ
line#    code  nxt  alt  lock max min dec  spec  act  ฬอออออออออออออออออน
*030*  0x0001  061  017  0x04  01  01  65  0025  095  บ all majors *... บ
*031*  0x0002  061  017  0x04  02  02  66  0025  095  บ all majors **.. บ
*032*  0x0003  061  017  0x04  03  03  67  0025  095  บ all majors ***. บ
*033*  0x0004  037  037  0x04  05  04  68  0000  095  บ inquiry    1234 บ
*034*  0x0005  037  037  0x04  06  05  69  0000  095  บ lvl under  1234 บ
*035*  0x0006  037  037  0x04  07  06  70  0000  095  บ all under  1234 บ
*036*  0x0007  061  017  0x04  09  07  71  0025  095  บ total report    บ
       0x0000  000                                    ศอออออออออออออออออผ
                    txt  flag max msk dec  help  act  ษอออออออออออออออออป
*037*               005  0x01  04  04  00  8025  000  บ slm inquiry     บ
line#    code  nxt  alt  lock max min dec  spec  act  ฬอออออออออออออออออน
*038*  0x000d  061  017  0x04  04  00  00  0025  095  บ salesman nbr    บ
       0x0000  060                                    ศอออออออออออออออออผ
                    txt  flag max msk dec  help  act  ษอออออออออออออออออป
*039*               015  0xf6  01  01  00  8026  064  บ dpt report type บ
line#    code  nxt  alt  lock max min dec  spec  act  ฬอออออออออออออออออน
*040*  0x0001  061  017  0x04  01  01  65  0026  096  บ all majors *... บ
*041*  0x0002  061  017  0x04  02  02  66  0026  096  บ all majors **.. บ
*042*  0x0003  061  017  0x04  03  03  67  0026  096  บ all majors ***. บ
*043*  0x0004  047  047  0x04  05  04  68  0000  096  บ inquiry    1234 บ
*044*  0x0005  047  047  0x04  06  05  69  0000  096  บ lvl under  1234 บ
*045*  0x0006  047  047  0x04  07  06  70  0000  096  บ all under  1234 บ
*046*  0x0007  061  017  0x04  09  07  71  0026  096  บ total report    บ
       0x0000  000                                    ศอออออออออออออออออผ
                    txt  flag max msk dec  help  act  ษอออออออออออออออออป
*047*               006  0x01  04  04  00  8026  000  บ dpt inquiry     บ
line#    code  nxt  alt  lock max min dec  spec  act  ฬอออออออออออออออออน
*048*  0x000d  061  017  0x04  04  00  00  0026  096  บ department nbr  บ
       0x0000  060                                    ศอออออออออออออออออผ
                    txt  flag max msk dec  help  act  ษอออออออออออออออออป
*049*               009  0x01  16  00  00  2900  000  บ pluean inq/mnt  บ
line#    code  nxt  alt  lock max min dec  spec  act  ฬอออออออออออออออออน
*050*  0x000d  054  054  0x04  16  01  00  0029  050  บ keyb plu nbr    บ
*051*  0x4f4f  054  054  0x04  16  01  00  0029  050  บ scan plu nbr    บ
*052*  0x000e  054  054  0x04  16  01  00  0029  050  บ special plu key บ
*053*  0x0019  061  017  0x05  00  00  00  0000  050  บ total           บ
       0x0000  000                                    ศอออออออออออออออออผ
                    txt  flag max msk dec  help  act  ษอออออออออออออออออป
*054*               036  0x81  07  07  99  2901  000  บ pluean maint    บ
line#    code  nxt  alt  lock max min dec  spec  act  ฬอออออออออออออออออน
*055*  0x000d  049  049  0x04  07  00  99  0000  101  บ new price       บ
*056*  0x000f  049  049  0x04  07  00  99  0001  101  บ new label       บ
*057*  0x000b  049  049  0x05  00  00  00  0000  101  บ clear           บ
       0x0000  000                                    ศอออออออออออออออออผ
                    txt  flag max msk dec  help  act  ษอออออออออออออออออป
*058*               003  0x01  03  03  00  9800  000  บ declare defect  บ
line#    code  nxt  alt  lock max min dec  spec  act  ฬอออออออออออออออออน
*059*  0x000d  017  017  0x04  03  03  00  0000  008  บ terminal number บ
*060*  0x000b  061  017  0x04  00  00  00  0000  030  บ abort / clear   บ
       0x0000  000                                    ศอออออออออออออออออผ
                    txt  flag max msk dec  help  act  ษอออออออออออออออออป
*061*               016  0x03  20  00  00  0001  102  บ ckr ready state บ
line#    code  nxt  alt  lock max min dec  spec  act  ฬอออออออออออออออออน
*062*  0xabcd  173  173  0x05  00  00  00  0000  180  บ start ecommerce บ
*063*  0x009f  173  173  0x05  05  01  00  0001  180  บ ecommerce ID    บ
*064*  0x0019  061  061  0x05  00  00  00  0000  037  บ no sale         บ
*065*  0x0007  095  095  0x05  00  00  00  0000  027  บ remote invoice  บ
*066*  0x00f1  100  100  0x05  02  00  00  0000  001  บ menu admin      บ
*067*  0x00a2  000  000  0x05  00  00  21  0002  004  บ checker close   บ
*068*  0x00a8  013  013  0x05  00  00  27  0008  005  บ checker pause   บ
*069*  0xcda8  013  013  0x0f  00  00  27  0008  005  บ auto ckr pause  บ
*070*  0x00a9  564  574  0x05  00  00  28  0905  081  บ cash count      บ
*071*  0x00aa  564  574  0x05  00  00  04  1002  081  บ loan            บ
*072*  0x00ab  564  574  0x05  00  00  05  1103  081  บ pickup          บ
*073*  0x00af  564  574  0x05  00  00  06  1504  081  บ float           บ
*074*  0x000f  061  156  0x05  04  00  00  0000  026  บ slip post/pres  บ
*075*  0x00f2  109  109  0x05  02  00  00  0000  001  บ menu regis      บ
*076*  0x00a3  154  154  0x05  00  00  00  0003  011  บ trans return    บ
*077*  0x00a5  315  315  0x05  00  00  00  0005  011  บ rcvd on account บ
*078*  0x00a6  315  315  0x05  00  00  00  0006  011  บ paid outs       บ
*079*  0x00a7  346  346  0x05  00  00  00  0007  011  บ till tl entry   บ
*080*  0x00f8  122  122  0x05  00  00  00  0030  019  บ media exchange  บ
*081*  0x00f3  124  124  0x05  01  00  00  0000  001  บ trans.preselect บ
*082*  0x00b1  154  154  0x05  00  00  44  0001  031  บ trans void      บ
*083*  0x00b3  154  154  0x05  00  00  46  0003  031  บ surcharge       บ
*084*  0x00b0  146  146  0x05  00  00  00  0000  010  บ anonymous sales บ
*085*  0x00b4  138  138  0x05  00  00  00  0007  010  บ employee sales  บ
*086*  0x00b5  138  138  0x05  00  00  00  0008  010  บ customer sales  บ
*087*  0x0024  061  061  0x05  00  00  00  0001  170  บ EMV HR INIT     บ
*088*  0x0023  061  061  0x05  00  00  00  0000  170  บ HARDWARE INIT   บ
*089*  0x0020  061  061  0x05  00  00  00  0000  120  บ GC : BALANCE    บ
*090*  0x001d  148  148  0x05  00  00  47  0004  031  บ resume          บ
*091*  0x003d  251  061  0x05  00  00  00  0000  160  บ fin. instashop  บ
*092*  0x003c  257  061  0x05  00  00  00  0000  150  บ ECR Void        บ
*093*  0x003f  061  061  0x04  00  00  00  0000  151  บ ECR Settle      บ
*094*  0x003e  061  061  0x05  00  00  00  0000  161  บ print Instashop บ
       0x0000  176                                    ศอออออออออออออออออผ
                    txt  flag max msk dec  help  act  ษอออออออออออออออออป
*095*               030  0x02  07  07  00  0080  000  บ remote invoice  บ
line#    code  nxt  alt  lock max min dec  spec  act  ฬอออออออออออออออออน
*096*  0x000d  098  098  0x05  07  04  00  0001  027  บ transaction nbr บ
*097*  0x000b  061  061  0x05  00  00  00  0000  030  บ trans. clear    บ
       0x0000  000                                    ศอออออออออออออออออผ
                    txt  flag max msk dec  help  act  ษอออออออออออออออออป
*098*               013  0x02  02  02  00  0081  000  บ remote invoice  บ
line#    code  nxt  alt  lock max min dec  spec  act  ฬอออออออออออออออออน
*099*  0x000d  061  061  0x05  02  00  00  0002  027  บ currency type   บ
       0x0000  097                                    ศอออออออออออออออออผ
                    txt  flag max msk dec  help  hdr  ษอออออออออออออออออป
*100*               014  0xff  02  02  00  0001  003  บ ckr menu admin  บ
line#    code  nxt  alt  lock lin pos txt  spec  act  ฬอออออออออออออออออน
*101*  0x0002  000  000  0x05  01  00  21  0002  004  บ checker close   บ
*102*  0x0008  013  013  0x05  02  00  27  0008  005  บ checker pause   บ
*103*  0x0009  564  574  0x05  03  00  28  0005  081  บ cash count      บ
*104*  0x000a  564  574  0x04  04  00  04  0002  081  บ loan            บ
*105*  0x000b  564  574  0x05  05  00  05  0003  081  บ pickup          บ
*106*  0x0013  061  000  0x04  07  00  07  0019  091  บ ckr settlement  บ
*107*  0x004c  061  061  0x04  20  00  38  0076  006  บ password change บ
*108*  0x0050  061  061  0x06  21  00  40  0080  105  บ device services บ
       0x0000  000                                    ศอออออออออออออออออผ
                    txt  flag max msk dec  help  hdr  ษอออออออออออออออออป
*109*               014  0xff  02  02  00  0002  019  บ ckr menu regis  บ
line#    code  nxt  alt  lock lin pos txt  spec  act  ฬอออออออออออออออออน
*110*  0x0003  154  154  0x05  02  00  45  0003  011  บ trans return    บ
*111*  0x0005  315  315  0x05  04  00  24  0005  011  บ rcvd on account บ
*112*  0x0006  315  315  0x05  05  00  25  0006  011  บ paid outs       บ
*113*  0x0007  346  346  0x05  06  00  26  0007  011  บ till tl entry   บ
*114*  0x0010  061  061  0x05  08  00  29  0016  013  บ training mode   บ
*115*  0x0011  061  339  0x05  09  00  30  0017  013  บ re-entry mode   บ
*116*  0x001e  122  122  0x05  10  00  50  0030  019  บ media exchange  บ
*117*  0x002d  341  341  0x05  14  00  31  0045  015  บ inventory       บ
*118*  0x002e  344  344  0x05  16  00  32  0046  015  บ goods xfer to   บ
*119*  0x0038  344  344  0x05  17  00  33  0056  015  บ goods xfer from บ
*120*  0x002f  348  348  0x05  19  00  34  0047  015  บ layaway out     บ
*121*  0x0039  348  348  0x05  20  00  35  0057  015  บ layaway return  บ
       0x0000  000                                    ศอออออออออออออออออผ
                    txt  flag max msk dec  help  act  ษอออออออออออออออออป
*122*               056  0x04  07  07  99  0050  000  บ media exchange  บ
line#    code  nxt  alt  lock max min dec  spec  act  ฬอออออออออออออออออน
*123*  0x000b  061  061  0x05  00  00  00  0000  030  บ trans. clear    บ
       0x0000  413                                    ศอออออออออออออออออผ
                    txt  flag max msk dec  help  act  ษอออออออออออออออออป
*124*               015  0xf6  01  01  00  0003  043  บ trans.preselect บ
line#    code  nxt  alt  lock max min dec  spec  act  ฬอออออออออออออออออน
*125*  0x0001  154  154  0x05  02  01  44  0001  031  บ trans void      บ
*126*  0x0002  154  154  0x05  04  03  46  0003  031  บ surcharge       บ
*127*  0x0003  138  138  0x05  08  07  22  0007  010  บ employee sales  บ
*128*  0x0004  138  138  0x05  09  08  23  0008  010  บ customer sales  บ
*129*  0x0005  061  061  0x04  10  05  86  0005  171  บ EPTS Void       บ
       0x0000  000                                    ศอออออออออออออออออผ
                    txt  flag max msk dec  help  act  ษอออออออออออออออออป
*130*               015  0xf6  01  01  00  0004  051  บ item preselect  บ
line#    code  nxt  alt  lock max min dec  spec  act  ฬอออออออออออออออออน
*131*  0x0001  290  290  0x05  02  01  52  0001  041  บ void            บ
*132*  0x0002  290  290  0x05  03  02  53  0002  041  บ return          บ
*133*  0x0003  279  279  0x05  04  03  54  0003  041  บ p/o at stock    บ
*134*  0x0004  279  279  0x05  05  04  55  0004  041  บ p/o at pos      บ
*135*  0x0005  281  281  0x05  06  05  56  0005  041  บ commission      บ
*136*  0x0006  283  283  0x05  08  06  57  0006  041  บ price display   บ
*137*  0x0007  287  287  0x05  09  07  58  0007  041  บ set of items    บ
       0x0000  000                                    ศอออออออออออออออออผ
                    txt  flag max msk dec  help  act  ษอออออออออออออออออป
*138*               007  0x03  16  00  00  0300  000  บ pers/cust sales บ
line#    code  nxt  alt  lock max min dec  spec  act  ฬอออออออออออออออออน
*139*  0x000d  152  143  0x05  16  01  00  0000  021  บ customer nbr    บ
*140*  0x4f4f  152  143  0x05  16  01  00  0000  021  บ number by scan  บ
*141*  0x4d4d  152  143  0x05  20  01  00  0000  021  บ number by imsr  บ
*142*  0x000b  154  061  0x05  00  00  00  0000  040  บ item clear      บ
       0x0000  000                                    ศอออออออออออออออออผ
                    txt  flag max msk dec  help  act  ษอออออออออออออออออป
*143*               020  0x83  03  03  01  0401  000  บ pers/cust dsc   บ
line#    code  nxt  alt  lock max min dec  spec  act  ฬอออออออออออออออออน
*144*  0x000d  152  152  0x05  03  00  01  0000  022  บ discount rate   บ
*145*  0x001b  061  061  0x05  00  00  00  0002  035  บ trans. abort    บ
       0x0000  000                                    ศอออออออออออออออออผ
                    txt  flag max msk dec  help  act  ษอออออออออออออออออป
*146*               018  0x03  20  00  00  0002  000  บ anonymous sales บ
line#    code  nxt  alt  lock max min dec  spec  act  ฬอออออออออออออออออน
*147*  0x000b  154  061  0x05  00  00  00  0000  040  บ item clear      บ
       0x0000  090                                    ศอออออออออออออออออผ
                    txt  flag max msk dec  help  act  ษอออออออออออออออออป
*148*               030  0x03  13  07  00  0082  000  บ resume          บ
line#    code  nxt  alt  lock max min dec  spec  act  ฬอออออออออออออออออน
*149*  0x000b  152  061  0x05  00  00  00  0000  040  บ item clear      บ
*150*  0x000d  173  173  0x05  13  04  00  0001  059  บ transaction nbr บ
*151*  0x4f4f  173  173  0x05  13  13  00  0001  059  บ transaction lbl บ
       0x0000  000                                    ศอออออออออออออออออผ
                    txt  flag max msk dec  help  act  ษอออออออออออออออออป
*152*               018  0x03  20  00  00  0002  000  บ after cus ident บ
line#    code  nxt  alt  lock max min dec  spec  act  ฬอออออออออออออออออน
*153*  0x001b  061  061  0x05  00  00  00  0002  035  บ trans. abort    บ
       0x0000  090                                    ศอออออออออออออออออผ
                    txt  flag max msk dec  help  act  ษอออออออออออออออออป
*154*               018  0x03  20  00  00  0002  000  บ after tran pres บ
line#    code  nxt  alt  lock max min dec  spec  act  ฬอออออออออออออออออน
*155*  0x001b  061  061  0x05  00  00  00  0002  035  บ trans. abort    บ
       0x0000  081                                    ศอออออออออออออออออผ
                    txt  flag max msk dec  help  act  ษอออออออออออออออออป
*156*               016  0x03  20  00  00  0001  000  บ after slip pres บ
line#    code  nxt  alt  lock max min dec  spec  act  ฬอออออออออออออออออน
*157*  0x000f  061  061  0x05  00  00  00  0000  026  บ no slip / abort บ
       0x0000  075                                    ศอออออออออออออออออผ
                    txt  flag max msk dec  help  act  ษอออออออออออออออออป
*158*               015  0x03  16  00  00  0070  000  บ cust/trans id   บ
line#    code  nxt  alt  lock max min dec  spec  act  ฬอออออออออออออออออน
*159*  0x000d  173  173  0x05  16  01  00  0015  020  บ receipt# by kbd บ
*160*  0x4f4f  173  173  0x05  16  01  00  0015  020  บ customer by ean บ
*161*  0x4d4d  173  173  0x05  20  01  00  0015  020  บ customer by msr บ
       0x0000  278                                    ศอออออออออออออออออผ
                    txt  flag max msk dec  help  act  ษอออออออออออออออออป
*162*               007  0x03  16  00  00  0300  000  บ late pers/cust  บ
line#    code  nxt  alt  lock max min dec  spec  act  ฬอออออออออออออออออน
*163*  0x000d  173  167  0x05  16  01  00  0000  021  บ customer nbr    บ
*164*  0x4f4f  173  167  0x05  16  01  00  0000  021  บ number by scan  บ
*165*  0x4d4d  173  167  0x05  20  01  00  0000  021  บ number by imsr  บ
*166*  0x000b  173  061  0x05  00  00  00  0000  040  บ item clear      บ
       0x0000  000                                    ศอออออออออออออออออผ
                    txt  flag max msk dec  help  act  ษอออออออออออออออออป
*167*               020  0x83  03  03  01  0401  000  บ late discount   บ
line#    code  nxt  alt  lock max min dec  spec  act  ฬอออออออออออออออออน
*168*  0x000d  173  173  0x05  03  00  01  0000  023  บ discount rate   บ
*169*  0x001b  061  061  0x05  00  00  00  0002  035  บ trans. abort    บ
       0x0000  000                                    ศอออออออออออออออออผ
                    txt  flag max msk dec  help  act  ษอออออออออออออออออป
*170*               017  0x03  20  00  00  0009  000  บ after subtotal  บ
line#    code  nxt  alt  lock max min dec  spec  act  ฬอออออออออออออออออน
       0x0000  175                                    ศอออออออออออออออออผ
                    txt  flag max msk dec  help  act  ษอออออออออออออออออป
*171*               000  0x83  20  00  00  0003  000  บ after sel.total บ
line#    code  nxt  alt  lock max min dec  spec  act  ฬอออออออออออออออออน
*172*  0x000b  173  173  0x05  00  00  00  9999  033  บ clear display   บ
       0x0000  174                                    ศอออออออออออออออออผ
                    txt  flag max msk dec  help  act  ษอออออออออออออออออป
*173*               017  0x03  20  00  00  0003  000  บ top of sls item บ
line#    code  nxt  alt  lock max min dec  spec  act  ฬอออออออออออออออออน
*174*  0x0018  170  170  0x05  02  00  00  0000  032  บ subtotal        บ
*175*  0x0011  301  301  0x05  00  00  00  1234  047  บ line item void  บ
*176*  0x001b  061  061  0x05  00  00  00  0002  035  บ trans. abort    บ
*177*  0x001d  061  061  0x05  00  00  00  0008  035  บ trans. suspend  บ
*178*  0x0019  061  302  0x05  00  00  00  0000  033  บ total / nosale  บ
*179*  0x0019  171  171  0x05  01  01  00  0001  033  บ sel. itemizer   บ
*180*  0x0004  173  173  0x05  04  00  00  0000  036  บ salesman nbr    บ
*181*  0x0006  158  158  0x05  00  00  00  0000  020  บ cust/trans id   บ
*182*  0x0016  061  061  0x04  00  00  00  0000  171  บ EPTS Void       บ
*183*  0x00f4  130  130  0x05  01  00  00  0000  001  บ item preselect  บ
*184*  0x00b9  290  290  0x05  00  00  52  0001  041  บ void            บ
*185*  0x00ba  290  290  0x05  00  00  53  0002  041  บ return          บ
*186*  0x00bb  279  279  0x05  00  00  54  0003  041  บ p/o at stock    บ
*187*  0x00bc  279  279  0x05  00  00  55  0004  041  บ p/o at pos      บ
*188*  0x00bd  281  281  0x05  00  00  56  0005  041  บ commission      บ
*189*  0x00be  283  283  0x05  00  00  57  0006  041  บ price display   บ
*190*  0x00bf  287  287  0x05  00  00  58  0007  041  บ set of items    บ
*191*  0x00f0  290  290  0x05  00  00  00  0010  041  บ GC : TOPUP      บ
*192*  0x0020  173  173  0x05  00  00  00  0000  120  บ GC : BALANCE    บ
*193*  0x0021  173  173  0x05  00  00  00  0000  121  บ LO : BALANCE    บ
*194*  0x0022  276  294  0x05  00  00  00  0001  052  บ utility list    บ
*195*  0x0010  292  292  0x05  06  01  03  0000  049  บ quantity        บ
*196*  0x0005  274  276  0x05  04  00  00  0000  055  บ coded dpt nbr   บ
*197*  0x00d1  276  294  0x05  07  00  99  0001  054  บ dir dpt key  1  บ
*198*  0x00d2  276  294  0x05  07  00  99  0002  054  บ dir dpt key  2  บ
*199*  0x00d3  276  294  0x05  07  00  99  0003  054  บ dir dpt key  3  บ
*200*  0x00d4  276  294  0x05  07  00  99  0004  054  บ dir dpt key  4  บ
*201*  0x00d5  276  294  0x05  07  00  99  0005  054  บ dir dpt key  5  บ
*202*  0x00d6  276  294  0x05  07  00  99  0006  054  บ dir dpt key  6  บ
*203*  0x00d7  276  294  0x05  07  00  99  0007  054  บ dir dpt key  7  บ
*204*  0x00d8  276  294  0x05  07  00  99  0008  054  บ dir dpt key  8  บ
*205*  0x00d9  276  294  0x05  07  00  99  0009  054  บ dir dpt key  9  บ
*206*  0x00da  276  294  0x05  07  00  99  0010  054  บ dir dpt key  A  บ
*207*  0x00db  276  294  0x05  07  00  99  0011  054  บ dir dpt key  B  บ
*208*  0x00dc  276  294  0x05  07  00  99  0012  054  บ dir dpt key  C  บ
*209*  0x00dd  276  294  0x05  07  00  99  0013  054  บ dir dpt key  D  บ
*210*  0x00de  276  294  0x05  07  00  99  0014  054  บ dir dpt key  E  บ
*211*  0x00df  276  294  0x05  07  00  99  0015  054  บ dir dpt key  F  บ
*212*  0x000d  276  294  0x07  20  01  00  0001  053  บ keyb lbl line 1 บ
*213*  0x4f4f  276  294  0x05  20  01  00  0001  053  บ scan lbl line 1 บ
*214*  0x0090  242  173  0x05  02  00  00  0000  115  บ customer menu   บ
*215*  0x0091  248  173  0x05  00  00  00  0001  113  บ points isredeem บ
*216*  0x0092  173  173  0x05  00  00  00  0000  113  บ points inquiry  บ
*217*  0x0093  253  173  0x05  08  00  00  0000  112  บ insert customer บ
*218*  0x0094  267  267  0x05  00  00  00  0000  110  บ regist customer บ
*219*  0x0095  270  173  0x05  00  00  00  0000  114  บ insert coupon   บ
*220*  0x0096  233  233  0x05  02  00  00  0000  001  บ Loyalty Menu    บ
*221*  0x0097  173  173  0x05  00  00  00  0000  130  บ Customer Regist บ
*222*  0x0098  173  173  0x05  00  00  00  0000  131  บ Card Replacemen บ
*223*  0x0099  173  173  0x05  00  00  00  0000  132  บ Phone Number Up บ
*224*  0x009a  173  173  0x05  15  00  00  0000  133  บ Ident by card   บ
*225*  0x009b  173  173  0x05  15  00  00  0000  134  บ Ident by mobile บ
*226*  0x009c  173  173  0x05  00  00  00  0000  140  บ Recharge list   บ
*227*  0x009d  239  239  0x05  02  00  00  0000  001  บ Ident Menu      บ
*228*  0x000d  173  173  0x05  14  01  00  0000  111  บ cuscard by keyb บ
*229*  0x4f4f  173  173  0x05  14  01  00  0001  111  บ cuscard by ocia บ
*230*  0x000d  276  294  0x07  16  01  00  0000  052  บ ean/upc by keyb บ
*231*  0x4f4f  276  294  0x05  16  01  00  0000  052  บ ean/upc by ocia บ
*232*  0x000e  276  294  0x07  16  01  00  0000  052  บ special plu key บ
       0x0000  000                                    ศอออออออออออออออออผ
                    txt  flag max msk dec  help  act  ษอออออออออออออออออป
*233*               013  0xf6  02  02  00  0010  080  บ LOYALTY MENU    บ
line#    code  nxt  alt  lock max min dec  spec  act  ฬอออออออออออออออออน
*234*  0x0001  173  173  0x05  01  01  88  0000  130  บ Customer Regist บ
*235*  0x0002  173  173  0x05  02  02  89  0000  131  บ Card Replacemen บ
*236*  0x0003  173  173  0x05  03  03  90  0000  132  บ Phone Number Up บ
*237*  0x0004  173  173  0x05  04  04  93  0000  133  บ Ident by card   บ
*238*  0x0005  173  173  0x05  05  05  94  0000  134  บ Ident by mobile บ
       0x0000  000                                    ศอออออออออออออออออผ
                    txt  flag max msk dec  help  act  ษอออออออออออออออออป
*239*               013  0xf6  02  02  00  0010  080  บ IDENT MENU      บ
line#    code  nxt  alt  lock max min dec  spec  act  ฬอออออออออออออออออน
*240*  0x0001  173  173  0x05  01  01  93  0000  133  บ Ident by card   บ
*241*  0x0002  173  173  0x05  02  02  94  0000  134  บ Ident by mobile บ
       0x0000  000                                    ศอออออออออออออออออผ
                    txt  flag max msk dec  help  act  ษอออออออออออออออออป
*242*               013  0xf6  02  02  00  0010  080  บ customer menu   บ
line#    code  nxt  alt  lock max min dec  spec  act  ฬอออออออออออออออออน
*243*  0x0001  248  248  0x05  01  01  00  0001  113  บ points isredeem บ
*244*  0x0002  173  173  0x05  02  02  00  0000  113  บ points inquiry  บ
*245*  0x0003  253  173  0x05  03  03  00  0000  112  บ insert customer บ
*246*  0x0004  267  267  0x05  04  04  00  0000  110  บ regist customer บ
*247*  0x0005  270  173  0x05  05  05  00  0000  114  บ insert coupon   บ
       0x0000  000                                    ศอออออออออออออออออผ
                    txt  flag max msk dec  help  act  ษอออออออออออออออออป
*248*               088  0x03  08  01  00  0010  000  บ points isredeem บ
line#    code  nxt  alt  lock max min dec  spec  act  ฬอออออออออออออออออน
*249*  0x000d  173  248  0x05  08  01  00  0002  113  บ points by keyb  บ
*250*  0x000b  173  173  0x05  00  00  00  9999  033  บ clear display   บ
       0x0000  000                                    ศอออออออออออออออออผ
                    txt  flag max msk dec  help  act  ษอออออออออออออออออป
*251*               102  0x03  07  07  00  0010  000  บ Insert INSTASHO บ
line#    code  nxt  alt  lock max min dec  spec  act  ฬอออออออออออออออออน
*252*  0x000b  061  061  0x05  00  00  00  0001  160  บ error correct   บ
       0x0000  413                                    ศอออออออออออออออออผ
                    txt  flag max msk dec  help  act  ษอออออออออออออออออป
*253*               008  0x03  08  08  00  0010  000  บ insert customer บ
line#    code  nxt  alt  lock max min dec  spec  act  ฬอออออออออออออออออน
*254*  0x000d  173  253  0x05  08  08  00  0099  112  บ cuscard by keyb บ
*255*  0x000b  173  173  0x05  00  00  00  9999  033  บ clear display   บ
       0x0000  000                                    ศอออออออออออออออออผ
                    txt  flag max msk dec  help  act  ษอออออออออออออออออป
*256*               100  0x03  07  07  00  0010  000  บ Insert ECR rcp  บ
line#    code  nxt  alt  lock max min dec  spec  act  ฬอออออออออออออออออน
       0x0000  000                                    ศอออออออออออออออออผ
                    txt  flag max msk dec  help  act  ษอออออออออออออออออป
*257*               099  0x03  07  07  99  0020  000  บ Insert ECR amt  บ
line#    code  nxt  alt  lock max min dec  spec  act  ฬอออออออออออออออออน
*258*  0x000d  260  257  0x05  07  01  99  0002  150  บ insert amoun    บ
*259*  0x000b  061  061  0x05  00  00  00  0000  150  บ error correct   บ
       0x0000  000                                    ศอออออออออออออออออผ
                    txt  flag max msk dec  help  act  ษอออออออออออออออออป
*260*               101  0x03  07  07  00  0010  000  บ Insert ECR void บ
line#    code  nxt  alt  lock max min dec  spec  act  ฬอออออออออออออออออน
*261*  0x000d  061  260  0x05  07  01  00  0003  150  บ insert void tra บ
*262*  0x000b  061  061  0x05  00  00  00  0000  150  บ error correct   บ
       0x0000  000                                    ศอออออออออออออออออผ
                    txt  flag max msk dec  help  act  ษอออออออออออออออออป
*263*               083  0x03  13  13  00  0010  000  บ request cuscard บ
line#    code  nxt  alt  lock max min dec  spec  act  ฬอออออออออออออออออน
*264*  0x000d  173  263  0x05  13  13  00  0001  110  บ cuscard by keyb บ
*265*  0x4f4f  173  263  0x05  13  13  00  0002  110  บ cuscard by ocia บ
*266*  0x000b  173  173  0x05  00  00  00  9999  033  บ clear display   บ
       0x0000  000                                    ศอออออออออออออออออผ
                    txt  flag max msk dec  help  act  ษอออออออออออออออออป
*267*               085  0x03  12  10  00  0010  000  บ request mobile  บ
line#    code  nxt  alt  lock max min dec  spec  act  ฬอออออออออออออออออน
*268*  0x000d  263  267  0x05  12  10  00  0099  110  บ mobile customer บ
*269*  0x000b  173  173  0x05  00  00  00  9999  033  บ clear display   บ
       0x0000  000                                    ศอออออออออออออออออผ
                    txt  flag max msk dec  help  act  ษอออออออออออออออออป
*270*               086  0x03  08  06  00  0010  000  บ insert coupon   บ
line#    code  nxt  alt  lock max min dec  spec  act  ฬอออออออออออออออออน
*271*  0x000d  270  270  0x05  08  06  00  0001  114  บ coupon by keyb  บ
*272*  0x4f4f  270  270  0x05  08  06  00  0001  114  บ coupon by ocia  บ
*273*  0x000b  173  173  0x05  00  00  00  9999  033  บ clear display   บ
       0x0000  000                                    ศอออออออออออออออออผ
                    txt  flag max msk dec  help  act  ษอออออออออออออออออป
*274*               043  0x03  08  08  00  0010  000  บ after coded dpt บ
line#    code  nxt  alt  lock max min dec  spec  act  ฬอออออออออออออออออน
*275*  0x0006  276  276  0x05  08  00  00  0001  056  บ ident number 1  บ
       0x0000  278                                    ศอออออออออออออออออผ
                    txt  flag max msk dec  help  act  ษอออออออออออออออออป
*276*               036  0x03  07  07  99  0012  000  บ after ident #   บ
line#    code  nxt  alt  lock max min dec  spec  act  ฬอออออออออออออออออน
*277*  0x000d  294  294  0x05  07  01  99  0000  057  บ sales price     บ
*278*  0x000b  173  061  0x05  00  00  00  0000  040  บ item clear      บ
       0x0000  000                                    ศอออออออออออออออออผ
                    txt  flag max msk dec  help  act  ษอออออออออออออออออป
*279*               041  0x03  07  07  99  0014  000  บ price overwrite บ
line#    code  nxt  alt  lock max min dec  spec  act  ฬอออออออออออออออออน
*280*  0x000d  290  290  0x05  07  01  99  0000  042  บ new price       บ
       0x0000  278                                    ศอออออออออออออออออผ
                    txt  flag max msk dec  help  act  ษอออออออออออออออออป
*281*               019  0x03  08  08  00  0015  000  บ commission      บ
line#    code  nxt  alt  lock max min dec  spec  act  ฬอออออออออออออออออน
*282*  0x000d  290  290  0x05  08  01  00  0000  043  บ commission code บ
       0x0000  278                                    ศอออออออออออออออออผ
                    txt  flag max msk dec  help  act  ษอออออออออออออออออป
*283*               009  0x03  16  00  00  0016  000  บ price display   บ
line#    code  nxt  alt  lock max min dec  spec  act  ฬอออออออออออออออออน
*284*  0x000d  173  061  0x05  16  01  00  0000  050  บ ean/upc by keyb บ
*285*  0x4f4f  173  061  0x05  16  01  00  0000  050  บ ean/upc by scan บ
*286*  0x000e  173  061  0x05  16  01  00  0000  050  บ special plu key บ
       0x0000  278                                    ศอออออออออออออออออผ
                    txt  flag max msk dec  help  act  ษอออออออออออออออออป
*287*               015  0x03  16  08  00  0017  000  บ set of items    บ
line#    code  nxt  alt  lock max min dec  spec  act  ฬอออออออออออออออออน
*288*  0x000d  173  173  0x05  16  01  00  0000  058  บ number by keyb  บ
*289*  0x4f4f  173  173  0x05  16  01  00  0000  058  บ number by scan  บ
       0x0000  278                                    ศอออออออออออออออออผ
                    txt  flag max msk dec  help  act  ษอออออออออออออออออป
*290*               018  0x03  20  00  00  0004  000  บ after item pres บ
line#    code  nxt  alt  lock max min dec  spec  act  ฬอออออออออออออออออน
*291*  0x000b  173  061  0x05  00  00  00  0000  040  บ item clear      บ
       0x0000  183                                    ศอออออออออออออออออผ
                    txt  flag max msk dec  help  act  ษอออออออออออออออออป
*292*               018  0x03  20  00  00  0004  000  บ after item qty  บ
line#    code  nxt  alt  lock max min dec  spec  act  ฬอออออออออออออออออน
*293*  0x000b  173  061  0x05  00  00  00  0000  040  บ item clear      บ
       0x0000  195                                    ศอออออออออออออออออผ
                    txt  flag max msk dec  help  act  ษอออออออออออออออออป
*294*               000  0x83  20  00  00  0005  000  บ after item      บ
line#    code  nxt  alt  lock max min dec  spec  act  ฬอออออออออออออออออน
*295*  0x0010  294  294  0x05  00  00  00  0000  046  บ repetition      บ
*296*  0x0001  298  298  0x05  03  00  01  0000  044  บ credit rate     บ
*297*  0x0002  298  298  0x05  07  01  99  0000  045  บ credit amount   บ
       0x0000  299                                    ศอออออออออออออออออผ
                    txt  flag max msk dec  help  act  ษอออออออออออออออออป
*298*               000  0x83  20  00  00  0006  000  บ after credit    บ
line#    code  nxt  alt  lock max min dec  spec  act  ฬอออออออออออออออออน
*299*  0x000f  301  301  0x05  00  00  00  0000  048  บ item on slip    บ
*300*  0x0011  301  301  0x05  00  00  00  0000  047  บ error correct   บ
       0x0000  174                                    ศอออออออออออออออออผ
                    txt  flag max msk dec  help  act  ษอออออออออออออออออป
*301*               000  0x83  20  00  00  0003  000  บ after ec / slip บ
line#    code  nxt  alt  lock max min dec  spec  act  ฬอออออออออออออออออน
       0x0000  174                                    ศอออออออออออออออออผ
                    txt  flag max msk dec  help  act  ษอออออออออออออออออป
*302*               000  0x80  20  00  00  0083  000  บ demographic     บ
line#    code  nxt  alt  lock max min dec  spec  act  ฬอออออออออออออออออน
*303*  0x000d  302  306  0x05  00  00  00  0000  028  บ data query      บ
*304*  0x0011  302  306  0x05  00  00  00  9999  028  บ step backwards  บ
*305*  0x000b  306  306  0x05  00  00  00  0000  029  บ abort ddq       บ
       0x0000  000                                    ศอออออออออออออออออผ
                    txt  flag max msk dec  help  act  ษอออออออออออออออออป
*306*               025  0x04  07  07  99  0007  000  บ after sales tl  บ
line#    code  nxt  alt  lock max min dec  spec  act  ฬอออออออออออออออออน
*307*  0x000b  173  173  0x05  00  00  00  0000  034  บ sales continued บ
*308*  0x00b6  306  311  0x05  00  00  00  0049  038  บ no tax / tax    บ
*309*  0x0001  314  314  0x05  03  00  01  0008  023  บ discount rate   บ
*310*  0x0002  406  406  0x05  07  01  99  0007  024  บ discount amount บ
       0x0000  407                                    ศอออออออออออออออออผ
                    txt  flag max msk dec  help  act  ษอออออออออออออออออป
*311*               067  0x04  16  00  00  0070  000  บ after no tax    บ
line#    code  nxt  alt  lock max min dec  spec  act  ฬอออออออออออออออออน
*312*  0x000d  306  306  0x05  16  00  00  0000  038  บ tax ident nbr   บ
*313*  0x000b  306  306  0x05  00  00  00  9999  038  บ clear / show tl บ
       0x0000  000                                    ศอออออออออออออออออผ
                    txt  flag max msk dec  help  act  ษอออออออออออออออออป
*314*               025  0x04  07  07  99  0008  000  บ after discount  บ
line#    code  nxt  alt  lock max min dec  spec  act  ฬอออออออออออออออออน
       0x0000  310                                    ศอออออออออออออออออผ
                    txt  flag max msk dec  help  act  ษอออออออออออออออออป
*315*               029  0x01  04  04  00  0500  000  บ top of roa/pdo  บ
line#    code  nxt  alt  lock max min dec  spec  act  ฬอออออออออออออออออน
*316*  0x000b  061  061  0x05  00  00  00  0000  030  บ trans. clear    บ
       0x0000  318                                    ศอออออออออออออออออผ
                    txt  flag max msk dec  help  act  ษอออออออออออออออออป
*317*               029  0x01  04  04  00  0500  000  บ after tran pres บ
line#    code  nxt  alt  lock max min dec  spec  act  ฬอออออออออออออออออน
*318*  0x00f3  320  320  0x05  01  00  00  0000  001  บ trans.preselect บ
*319*  0x00b1  317  317  0x05  00  00  44  0001  031  บ voids           บ
       0x0000  325                                    ศอออออออออออออออออผ
                    txt  flag max msk dec  help  act  ษอออออออออออออออออป
*320*               015  0xf6  01  01  00  0501  043  บ trans.preselect บ
line#    code  nxt  alt  lock max min dec  spec  act  ฬอออออออออออออออออน
*321*  0x0001  317  317  0x05  02  01  44  0001  031  บ voids           บ
       0x0000  000                                    ศอออออออออออออออออผ
                    txt  flag max msk dec  help  act  ษอออออออออออออออออป
*322*               029  0x01  04  04  00  0502  000  บ roa/pdo item    บ
line#    code  nxt  alt  lock max min dec  spec  act  ฬอออออออออออออออออน
*323*  0x0018  322  322  0x05  00  00  00  0000  032  บ subtotal        บ
*324*  0x0019  061  337  0x05  00  00  00  0000  033  บ total           บ
*325*  0x001b  061  061  0x05  00  00  00  0002  035  บ trans. abort    บ
*326*  0x0004  322  322  0x05  04  00  00  0000  036  บ salesman number บ
*327*  0x0005  328  331  0x05  04  00  00  0000  061  บ roa/pdo type    บ
       0x0000  000                                    ศอออออออออออออออออผ
                    txt  flag max msk dec  help  act  ษอออออออออออออออออป
*328*               043  0x01  13  08  00  0503  000  บ roa/pdo ident   บ
line#    code  nxt  alt  lock max min dec  spec  act  ฬอออออออออออออออออน
*329*  0x0006  331  334  0x05  13  00  00  0000  062  บ receipt number  บ
*330*  0x4f4f  331  334  0x05  13  13  00  0000  062  บ receipt nbr lbl บ
       0x0000  333                                    ศอออออออออออออออออผ
                    txt  flag max msk dec  help  act  ษอออออออออออออออออป
*331*               036  0x01  07  07  99  0504  000  บ roa/pdo amount  บ
line#    code  nxt  alt  lock max min dec  spec  act  ฬอออออออออออออออออน
*332*  0x000d  334  334  0x05  07  01  99  0000  063  บ amount          บ
*333*  0x000b  322  315  0x05  00  00  00  0000  060  บ item clear      บ
       0x0000  000                                    ศอออออออออออออออออผ
                    txt  flag max msk dec  help  act  ษอออออออออออออออออป
*334*               029  0x01  04  04  00  0506  000  บ after mny item  บ
line#    code  nxt  alt  lock max min dec  spec  act  ฬอออออออออออออออออน
*335*  0x0011  336  336  0x05  00  00  00  0000  064  บ error correct   บ
       0x0000  323                                    ศอออออออออออออออออผ
                    txt  flag max msk dec  help  act  ษอออออออออออออออออป
*336*               000  0x81  04  00  00  0502  000  บ after error cor บ
line#    code  nxt  alt  lock max min dec  spec  act  ฬอออออออออออออออออน
       0x0000  323                                    ศอออออออออออออออออผ
                    txt  flag max msk dec  help  act  ษอออออออออออออออออป
*337*               025  0x04  07  07  99  0507  000  บ after mny total บ
line#    code  nxt  alt  lock max min dec  spec  act  ฬอออออออออออออออออน
*338*  0x000b  322  322  0x05  00  00  00  0000  034  บ money continued บ
       0x0000  407                                    ศอออออออออออออออออผ
                    txt  flag max msk dec  help  act  ษอออออออออออออออออป
*339*               037  0x01  06  06  00  4400  000  บ reentries       บ
line#    code  nxt  alt  lock max min dec  spec  act  ฬอออออออออออออออออน
*340*  0x000d  061  061  0x05  06  05  00  0000  014  บ date of sales   บ
       0x0000  000                                    ศอออออออออออออออออผ
                    txt  flag max msk dec  help  act  ษอออออออออออออออออป
*341*               040  0x01  08  08  00  4500  000  บ inventory       บ
line#    code  nxt  alt  lock max min dec  spec  act  ฬอออออออออออออออออน
*342*  0x000d  350  350  0x05  08  01  00  0000  016  บ id number       บ
*343*  0x001b  061  061  0x05  00  00  00  0002  035  บ trans. abort    บ
       0x0000  000                                    ศอออออออออออออออออผ
                    txt  flag max msk dec  help  act  ษอออออออออออออออออป
*344*               011  0x01  04  04  00  4600  000  บ goods xfer      บ
line#    code  nxt  alt  lock max min dec  spec  act  ฬอออออออออออออออออน
*345*  0x000d  350  350  0x05  04  04  00  0000  017  บ store number    บ
       0x0000  343                                    ศอออออออออออออออออผ
                    txt  flag max msk dec  help  act  ษอออออออออออออออออป
*346*               042  0x01  04  04  00  0700  000  บ other till tl   บ
line#    code  nxt  alt  lock max min dec  spec  act  ฬอออออออออออออออออน
*347*  0x000d  154  154  0x05  04  03  00  0000  012  บ register nbr    บ
       0x0000  142                                    ศอออออออออออออออออผ
                    txt  flag max msk dec  help  act  ษอออออออออออออออออป
*348*               030  0x01  08  08  00  4700  000  บ layaways        บ
line#    code  nxt  alt  lock max min dec  spec  act  ฬอออออออออออออออออน
*349*  0x000d  350  350  0x05  08  01  00  0030  018  บ receipt number  บ
       0x0000  343                                    ศอออออออออออออออออผ
                    txt  flag max msk dec  help  act  ษอออออออออออออออออป
*350*               017  0x03  20  00  00  4001  000  บ top of ledger   บ
line#    code  nxt  alt  lock max min dec  spec  act  ฬอออออออออออออออออน
       0x0000  354                                    ศอออออออออออออออออผ
                    txt  flag max msk dec  help  act  ษอออออออออออออออออป
*351*               017  0x03  20  00  00  4003  000  บ ledger item     บ
line#    code  nxt  alt  lock max min dec  spec  act  ฬอออออออออออออออออน
*352*  0x0018  351  351  0x05  00  00  00  0000  032  บ subtotal        บ
*353*  0x0011  405  405  0x05  00  00  00  1234  047  บ line item void  บ
*354*  0x0019  061  061  0x05  00  00  00  0000  033  บ total / nosale  บ
*355*  0x001b  061  061  0x05  00  00  00  0002  035  บ trans. abort    บ
*356*  0x0004  351  351  0x05  04  00  00  0000  036  บ salesman nbr    บ
*357*  0x00f4  383  383  0x05  01  00  00  0000  001  บ item preselect  บ
*358*  0x00b9  391  391  0x05  00  00  52  0001  041  บ void            บ
*359*  0x00bb  400  400  0x05  00  00  54  0003  041  บ p/o at stock    บ
*360*  0x00be  387  387  0x05  00  00  57  0006  041  บ price display   บ
*361*  0x0010  393  393  0x05  06  01  03  0000  049  บ quantity        บ
*362*  0x0005  395  397  0x05  04  00  00  0000  055  บ coded dpt nbr   บ
*363*  0x00d1  397  402  0x05  07  00  99  0001  054  บ dir dpt key  1  บ
*364*  0x00d2  397  402  0x05  07  00  99  0002  054  บ dir dpt key  2  บ
*365*  0x00d3  397  402  0x05  07  00  99  0003  054  บ dir dpt key  3  บ
*366*  0x00d4  397  402  0x05  07  00  99  0004  054  บ dir dpt key  4  บ
*367*  0x00d5  397  402  0x05  07  00  99  0005  054  บ dir dpt key  5  บ
*368*  0x00d6  397  402  0x05  07  00  99  0006  054  บ dir dpt key  6  บ
*369*  0x00d7  397  402  0x05  07  00  99  0007  054  บ dir dpt key  7  บ
*370*  0x00d8  397  402  0x05  07  00  99  0008  054  บ dir dpt key  8  บ
*371*  0x00d9  397  402  0x05  07  00  99  0009  054  บ dir dpt key  9  บ
*372*  0x00da  397  402  0x05  07  00  99  0010  054  บ dir dpt key  A  บ
*373*  0x00db  397  402  0x05  07  00  99  0011  054  บ dir dpt key  B  บ
*374*  0x00dc  397  402  0x05  07  00  99  0012  054  บ dir dpt key  C  บ
*375*  0x00dd  397  402  0x05  07  00  99  0013  054  บ dir dpt key  D  บ
*376*  0x00de  397  402  0x05  07  00  99  0014  054  บ dir dpt key  E  บ
*377*  0x00df  397  402  0x05  07  00  99  0015  054  บ dir dpt key  F  บ
*378*  0x000d  397  402  0x05  20  01  00  0001  053  บ keyb lbl line 1 บ
*379*  0x4f4f  397  402  0x05  20  01  00  0001  053  บ scan lbl line 1 บ
*380*  0x000d  397  402  0x05  16  01  00  0000  052  บ ean/upc by keyb บ
*381*  0x4f4f  397  402  0x05  16  01  00  0000  052  บ ean/upc by ocia บ
*382*  0x000e  397  402  0x05  16  01  00  0000  052  บ special plu key บ
       0x0000  000                                    ศอออออออออออออออออผ
                    txt  flag max msk dec  help  act  ษอออออออออออออออออป
*383*               015  0xf6  01  01  00  0005  051  บ item preselect  บ
line#    code  nxt  alt  lock max min dec  spec  act  ฬอออออออออออออออออน
*384*  0x0001  391  391  0x05  02  01  52  0001  041  บ void            บ
*385*  0x0003  400  400  0x05  04  03  54  0003  041  บ p/o at stock    บ
*386*  0x0006  387  387  0x05  08  06  57  0006  041  บ price display   บ
       0x0000  000                                    ศอออออออออออออออออผ
                    txt  flag max msk dec  help  act  ษอออออออออออออออออป
*387*               009  0x03  16  00  00  0016  000  บ price display   บ
line#    code  nxt  alt  lock max min dec  spec  act  ฬอออออออออออออออออน
*388*  0x000d  351  061  0x05  16  01  00  0000  050  บ ean/upc by keyb บ
*389*  0x4f4f  351  061  0x05  16  01  00  0000  050  บ ean/upc by scan บ
*390*  0x000e  351  061  0x05  16  01  00  0000  050  บ special plu key บ
       0x0000  399                                    ศอออออออออออออออออผ
                    txt  flag max msk dec  help  act  ษอออออออออออออออออป
*391*               018  0x03  20  00  00  4004  000  บ after item pres บ
line#    code  nxt  alt  lock max min dec  spec  act  ฬอออออออออออออออออน
*392*  0x000b  351  061  0x05  00  00  00  0000  040  บ item clear      บ
       0x0000  357                                    ศอออออออออออออออออผ
                    txt  flag max msk dec  help  act  ษอออออออออออออออออป
*393*               018  0x03  20  00  00  4004  000  บ after item qty  บ
line#    code  nxt  alt  lock max min dec  spec  act  ฬอออออออออออออออออน
*394*  0x000b  351  061  0x05  00  00  00  0000  040  บ item clear      บ
       0x0000  361                                    ศอออออออออออออออออผ
                    txt  flag max msk dec  help  act  ษอออออออออออออออออป
*395*               043  0x03  08  08  00  4010  000  บ after coded dpt บ
line#    code  nxt  alt  lock max min dec  spec  act  ฬอออออออออออออออออน
*396*  0x0006  397  397  0x05  08  00  00  0001  056  บ ident number 1  บ
       0x0000  399                                    ศอออออออออออออออออผ
                    txt  flag max msk dec  help  act  ษอออออออออออออออออป
*397*               036  0x03  07  07  99  4012  000  บ after ident #   บ
line#    code  nxt  alt  lock max min dec  spec  act  ฬอออออออออออออออออน
*398*  0x000d  402  402  0x05  07  01  99  0000  057  บ sales price     บ
*399*  0x000b  351  061  0x05  00  00  00  0000  040  บ item clear      บ
       0x0000  000                                    ศอออออออออออออออออผ
                    txt  flag max msk dec  help  act  ษอออออออออออออออออป
*400*               041  0x03  07  07  99  4014  000  บ price overwrite บ
line#    code  nxt  alt  lock max min dec  spec  act  ฬอออออออออออออออออน
*401*  0x000d  391  391  0x05  07  01  99  0000  042  บ new price       บ
       0x0000  399                                    ศอออออออออออออออออผ
                    txt  flag max msk dec  help  act  ษอออออออออออออออออป
*402*               000  0x83  20  00  00  4005  000  บ after item      บ
line#    code  nxt  alt  lock max min dec  spec  act  ฬอออออออออออออออออน
*403*  0x0010  402  402  0x05  00  00  00  0000  046  บ repeat          บ
*404*  0x0011  405  405  0x05  00  00  00  0000  047  บ error correct   บ
       0x0000  352                                    ศอออออออออออออออออผ
                    txt  flag max msk dec  help  act  ษอออออออออออออออออป
*405*               000  0x83  20  00  00  4003  000  บ after error cor บ
line#    code  nxt  alt  lock max min dec  spec  act  ฬอออออออออออออออออน
       0x0000  352                                    ศอออออออออออออออออผ
                    txt  flag max msk dec  help  act  ษอออออออออออออออออป
*406*               025  0x04  07  07  99  0019  000  บ inhouse ticket  บ
line#    code  nxt  alt  lock max min dec  spec  act  ฬอออออออออออออออออน
*407*  0x000f  406  406  0x05  02  00  00  0000  079  บ slip linefeeds  บ
       0x0000  410                                    ศอออออออออออออออออผ
                    txt  flag max msk dec  help  act  ษอออออออออออออออออป
*408*               025  0x04  07  07  99  0020  000  บ tenderization   บ
line#    code  nxt  alt  lock max min dec  spec  act  ฬอออออออออออออออออน
*409*  0x000b  173  173  0x05  00  00  00  0000  034  บ sales continued บ
*410*  0x001b  061  061  0x05  00  00  00  0002  035  บ trans. abort    บ
*411*  0x001d  061  061  0x05  00  00  00  0008  035  บ trans. suspend  บ
*412*  0x0018  061  562  0x05  00  00  00  0068  069  บ total transfer  บ
*413*  0x000d  061  562  0x05  07  00  99  0000  073  บ cash amount     บ
*414*  0x00f8  456  456  0x05  02  00  00  0001  001  บ tender menu     บ
*415*  0x00f9  526  526  0x05  02  00  00  0010  001  บ credit cards    บ
*416*  0x00fa  511  511  0x05  02  00  00  0020  001  บ charge types    บ
*417*  0x00fb  537  537  0x05  02  00  00  0030  001  บ foreign curr.   บ
*418*  0x00c1  061  562  0x05  02  00  00  0001  073  บ cash preset  1  บ
*419*  0x00c2  061  562  0x05  02  00  00  0002  073  บ cash preset  2  บ
*420*  0x00c3  061  562  0x05  02  00  00  0003  073  บ cash preset  3  บ
*421*  0x00c4  061  562  0x05  02  00  00  0004  073  บ cash preset  4  บ
*422*  0x00c5  061  562  0x05  02  00  00  0005  073  บ cash preset  5  บ
*423*  0x00c6  061  562  0x05  02  00  00  0006  073  บ cash preset  6  บ
*424*  0x00c7  061  562  0x05  02  00  00  0007  073  บ cash preset  7  บ
*425*  0x00c8  061  562  0x05  02  00  00  0008  073  บ cash preset  8  บ
*426*  0x00c9  061  562  0x05  02  00  00  0009  073  บ cash preset  9  บ
*427*  0x00ca  061  562  0x05  02  00  00  0010  073  บ cash preset  A  บ
*428*  0x00e1  469  469  0x05  00  00  00  0001  071  บ tender preset 1 บ
*429*  0x00e2  469  469  0x05  00  00  00  0002  071  บ tender preset 2 บ
*430*  0x00e3  469  469  0x05  00  00  00  0003  071  บ tender preset 3 บ
*431*  0x00e4  469  469  0x05  00  00  00  0004  071  บ tender preset 4 บ
*432*  0x00e5  469  469  0x05  00  00  00  0005  071  บ tender preset 5 บ
*433*  0x00e6  469  469  0x05  00  00  00  0006  071  บ tender preset 6 บ
*434*  0x00e7  469  469  0x05  00  00  00  0007  071  บ tender preset 7 บ
*435*  0x00e8  469  469  0x05  00  00  00  0008  071  บ tender preset 8 บ
*436*  0x00e9  469  469  0x05  00  00  00  0009  071  บ tender preset 9 บ
*437*  0x00ea  469  469  0x05  00  00  00  0010  071  บ tender preset A บ
*438*  0x00eb  469  469  0x05  00  00  00  0011  071  บ tender preset B บ
*439*  0x00ec  469  469  0x05  00  00  00  0012  071  บ tender preset C บ
*440*  0x00ed  469  469  0x05  00  00  00  0013  071  บ tender preset D บ
*441*  0x00ee  469  469  0x05  00  00  00  0014  071  บ tender preset E บ
*442*  0x00ef  469  469  0x05  00  00  00  0015  071  บ tender preset F บ
*443*  0x0050  469  469  0x05  00  00  00  9900  038  บ GPE Preselect01 บ
*444*  0x0051  469  469  0x05  00  00  00  9901  038  บ GPE Preselect02 บ
*445*  0x0052  469  469  0x05  00  00  00  9902  038  บ GPE Preselect03 บ
*446*  0x0053  469  469  0x05  00  00  00  9903  038  บ GPE Preselect04 บ
*447*  0x0054  469  469  0x05  00  00  00  9904  038  บ GPE Preselect05 บ
*448*  0x0055  469  469  0x05  00  00  00  9905  038  บ GPE Preselect06 บ
*449*  0x0056  469  469  0x05  00  00  00  9906  038  บ GPE Preselect07 บ
*450*  0x0057  469  469  0x05  00  00  00  9907  038  บ GPE Preselect08 บ
*451*  0x0058  469  469  0x05  00  00  00  9908  038  บ GPE Preselect09 บ
*452*  0x0059  469  469  0x05  00  00  00  9909  038  บ GPE Preselect10 บ
*453*  0x005a  469  469  0x05  00  00  00  9910  038  บ GPE Preselect11 บ
*454*  0x005b  469  469  0x05  00  00  00  9911  038  บ GPE Preselect12 บ
*455*  0x005c  469  469  0x05  00  00  00  9912  038  บ GPE Preselect13 บ
       0x0000  000                                    ศอออออออออออออออออผ
                    txt  flag max msk dec  help  act  ษอออออออออออออออออป
*456*               013  0xf6  02  02  00  0020  059  บ tender menu     บ
line#    code  nxt  alt  lock max min dec  spec  act  ฬอออออออออออออออออน
*457*  0x0001  469  469  0x05  00  01  00  0001  075  บ cash            บ
*458*  0x0002  469  469  0x05  01  02  00  0002  075  บ cheque          บ
*459*  0x0003  469  469  0x05  02  03  00  0003  075  บ credit note (+) บ
*460*  0x0004  469  469  0x05  03  04  00  0004  075  บ voucher         บ
*461*  0x0005  469  469  0x05  04  05  00  0005  075  บ misc            บ
*462*  0x0006  469  469  0x05  05  06  00  0006  075  บ bank order      บ
*463*  0x0007  469  469  0x05  06  07  00  0007  075  บ electronic cash บ
*464*  0x0008  469  469  0x05  07  08  00  0008  075  บ paid in advance บ
*465*  0x0009  469  469  0x05  08  00  00  0009  075  บ debit note (-)  บ
*466*  0x000a  526  526  0x05  09  00  61  0010  001  บ credit cards    บ
*467*  0x0014  511  511  0x05  10  00  60  0020  001  บ charge types    บ
*468*  0x001e  537  537  0x05  11  00  62  0030  001  บ foreign curr.   บ
       0x0000  000                                    ศอออออออออออออออออผ
                    txt  flag max msk dec  help  hdr  ษอออออออออออออออออป
*469*               000  0xff  02  02  00  0000  000  บ tender types    บ
line#    code  nxt  alt  lock lin pos txt  spec  act  ฬอออออออออออออออออน
*470*  0x0041  492  496  0x05  00  00  00  0000  071  บ A: cash [rcpt#] บ
*471*  0x0042  492  548  0x05  00  00  00  0000  071  บ B: check [card] บ
*472*  0x0043  492  504  0x05  00  00  00  0000  071  บ C: credit cards บ
*473*  0x0044  492  522  0x05  00  00  00  0000  071  บ D: charge types บ
*474*  0x0045  492  498  0x05  00  00  00  0000  071  บ E: bank order   บ
*475*  0x0046  492  500  0x05  00  00  00  0000  071  บ F: EFT device   บ
*476*  0x0047  492  559  0x05  00  00  00  0000  071  บ G: coupon       บ
*477*  0x0048  492  496  0x05  00  00  00  0000  071  บ H: BCR device   บ
*478*  0x004a  492  504  0x05  00  00  00  0000  071  บ J: EFT Tamimi   บ
*479*  0x004b  492  504  0x05  00  00  00  0000  071  บ K: EFT Al Hamra บ
*480*  0x004c  492  496  0x05  00  00  00  0000  071  บ L: Gift Card    บ
*481*  0x004d  492  504  0x05  00  00  00  0000  071  บ M: Verifone     บ
*482*  0x004e  492  504  0x05  00  00  00  0000  071  บ N: EFT Eye Pay  บ
*483*  0x004f  492  504  0x05  00  00  00  0000  071  บ O: EFT Tone Tag บ
*484*  0x0050  486  490  0x05  00  00  00  0000  071  บ P: EPTS PAYMENT บ
*485*  0x0051  492  504  0x05  00  00  00  0000  071  บ Q: New GEIDEA   บ
       0x0000  000                                    ศอออออออออออออออออผ
                    txt  flag max msk dec  help  act  ษอออออออออออออออออป
*486*               000  0x84  07  07  99  0021  000  บ EPTS PAYMENT    บ
line#    code  nxt  alt  lock max min dec  spec  act  ฬอออออออออออออออออน
*487*  0x000d  061  562  0x05  07  00  99  0000  073  บ EPTS WITH GPE   บ
*488*  0x00b4  061  061  0x05  00  00  00  0008  035  บ Suspend         บ
*489*  0x000b  408  122  0x05  00  00  00  0000  070  บ GPE tend clear  บ
       0x0000  000                                    ศอออออออออออออออออผ
                    txt  flag max msk dec  help  act  ษอออออออออออออออออป
*490*               030  0x04  08  00  00  0024  000  บ GPE TEMP STATE  บ
line#    code  nxt  alt  lock max min dec  spec  act  ฬอออออออออออออออออน
*491*  0x000d  486  486  0x05  08  01  00  0000  000  บ temp state      บ
       0x0000  000                                    ศอออออออออออออออออผ
                    txt  flag max msk dec  help  act  ษอออออออออออออออออป
*492*               000  0x84  07  07  99  0021  000  บ cash tender     บ
line#    code  nxt  alt  lock max min dec  spec  act  ฬอออออออออออออออออน
*493*  0x000d  061  562  0x05  07  00  99  0000  073  บ tender amount   บ
*494*  0x000b  408  122  0x05  00  00  00  0000  070  บ tender clear    บ
*495*  0x000c  492  492  0x05  00  00  00  0000  077  บ view recycler   บ
       0x0000  000                                    ศอออออออออออออออออผ
                    txt  flag max msk dec  help  act  ษอออออออออออออออออป
*496*               030  0x04  08  00  00  0024  000  บ receipt number  บ
line#    code  nxt  alt  lock max min dec  spec  act  ฬอออออออออออออออออน
*497*  0x000d  492  492  0x05  08  01  00  0000  072  บ number by kbd   บ
       0x0000  494                                    ศอออออออออออออออออผ
                    txt  flag max msk dec  help  act  ษอออออออออออออออออป
*498*               030  0x04  04  00  00  0024  000  บ bank order form บ
line#    code  nxt  alt  lock max min dec  spec  act  ฬอออออออออออออออออน
*499*  0x000d  492  550  0x05  04  01  00  0000  072  บ transaction nbr บ
       0x0000  494                                    ศอออออออออออออออออผ
                    txt  flag max msk dec  help  act  ษอออออออออออออออออป
*500*               030  0x04  08  00  00  0024  000  บ EFT host device บ
line#    code  nxt  alt  lock max min dec  spec  act  ฬอออออออออออออออออน
*501*  0x000d  492  502  0x05  08  01  00  0000  072  บ transaction nbr บ
       0x0000  494                                    ศอออออออออออออออออผ
                    txt  flag max msk dec  help  act  ษอออออออออออออออออป
*502*               066  0x04  07  07  99  0025  000  บ EFT cash back   บ
line#    code  nxt  alt  lock max min dec  spec  act  ฬอออออออออออออออออน
*503*  0x000d  492  492  0x05  07  00  99  0000  076  บ change amount   บ
       0x0000  494                                    ศอออออออออออออออออผ
                    txt  flag max msk dec  help  act  ษอออออออออออออออออป
*504*               030  0x04  04  00  00  0024  000  บ credit cards    บ
line#    code  nxt  alt  lock max min dec  spec  act  ฬอออออออออออออออออน
*505*  0x000d  492  506  0x05  04  01  00  0000  072  บ transaction nbr บ
       0x0000  494                                    ศอออออออออออออออออผ
                    txt  flag max msk dec  help  act  ษอออออออออออออออออป
*506*               031  0x04  19  00  00  0023  000  บ credit card     บ
line#    code  nxt  alt  lock max min dec  spec  act  ฬอออออออออออออออออน
*507*  0x4d4d  492  492  0x05  19  01  00  0019  072  บ number by MSR   บ
*508*  0x000d  509  509  0x05  19  01  00  0019  072  บ number by kbd   บ
       0x0000  494                                    ศอออออออออออออออออผ
                    txt  flag max msk dec  help  act  ษอออออออออออออออออป
*509*               070  0x04  08  00  00  0029  000  บ Auth. code      บ
line#    code  nxt  alt  lock max min dec  spec  act  ฬอออออออออออออออออน
*510*  0x000d  492  492  0x05  08  04  00  0009  072  บ Auth. Number    บ
       0x0000  494                                    ศอออออออออออออออออผ
                    txt  flag max msk dec  help  act  ษอออออออออออออออออป
*511*               013  0xf6  02  02  00  0027  060  บ charge menu     บ
line#    code  nxt  alt  lock max min dec  spec  act  ฬอออออออออออออออออน
*512*  0x0001  469  469  0x05  01  01  00  0020  075  บ charge type  1  บ
*513*  0x0002  469  469  0x05  02  02  00  0021  075  บ charge type  2  บ
*514*  0x0003  469  469  0x05  03  03  00  0022  075  บ charge type  3  บ
*515*  0x0004  469  469  0x05  04  04  00  0023  075  บ charge type  4  บ
*516*  0x0005  469  469  0x05  05  05  00  0024  075  บ charge type  5  บ
*517*  0x0006  469  469  0x05  06  06  00  0025  075  บ charge type  6  บ
*518*  0x0007  469  469  0x05  07  07  00  0026  075  บ charge type  7  บ
*519*  0x0008  469  469  0x05  08  08  00  0027  075  บ charge type  8  บ
*520*  0x0009  469  469  0x05  09  00  00  0028  075  บ charge type  9  บ
*521*  0x000a  469  469  0x05  10  00  00  0029  075  บ charge type 10  บ
       0x0000  000                                    ศอออออออออออออออออผ
                    txt  flag max msk dec  help  act  ษอออออออออออออออออป
*522*               033  0x04  19  00  00  0026  000  บ account number  บ
line#    code  nxt  alt  lock max min dec  spec  act  ฬอออออออออออออออออน
*523*  0x4d4d  492  492  0x05  19  01  00  0000  072  บ number by MSR   บ
*524*  0x4f4f  492  492  0x05  19  01  00  0000  072  บ number by ean   บ
*525*  0x000d  492  492  0x05  19  01  00  0000  072  บ number by kbd   บ
       0x0000  494                                    ศอออออออออออออออออผ
                    txt  flag max msk dec  help  act  ษอออออออออออออออออป
*526*               013  0xf6  02  02  00  0028  061  บ creditcard menu บ
line#    code  nxt  alt  lock max min dec  spec  act  ฬอออออออออออออออออน
*527*  0x0001  469  469  0x05  01  01  00  0010  075  บ credit card  1  บ
*528*  0x0002  469  469  0x05  02  02  00  0011  075  บ credit card  2  บ
*529*  0x0003  469  469  0x05  03  03  00  0012  075  บ credit card  3  บ
*530*  0x0004  469  469  0x05  04  04  00  0013  075  บ credit card  4  บ
*531*  0x0005  469  469  0x05  05  05  00  0014  075  บ credit card  5  บ
*532*  0x0006  469  469  0x05  06  06  00  0015  075  บ credit card  6  บ
*533*  0x0007  469  469  0x05  07  07  00  0016  075  บ credit card  7  บ
*534*  0x0008  469  469  0x05  08  08  00  0017  075  บ credit card  8  บ
*535*  0x0009  469  469  0x05  09  00  00  0018  075  บ credit card  9  บ
*536*  0x000a  469  469  0x05  10  00  00  0019  075  บ credit card 10  บ
       0x0000  000                                    ศอออออออออออออออออผ
                    txt  flag max msk dec  help  act  ษอออออออออออออออออป
*537*               013  0xf6  02  02  00  0040  062  บ foreign curr.   บ
line#    code  nxt  alt  lock max min dec  spec  act  ฬอออออออออออออออออน
*538*  0x0001  469  469  0x05  01  01  00  0030  075  บ foreign curr. 1 บ
*539*  0x0002  469  469  0x05  02  02  00  0031  075  บ foreign curr. 2 บ
*540*  0x0003  469  469  0x05  03  03  00  0032  075  บ foreign curr. 3 บ
*541*  0x0004  469  469  0x05  04  04  00  0033  075  บ foreign curr. 4 บ
*542*  0x0005  469  469  0x05  05  05  00  0034  075  บ foreign curr. 5 บ
*543*  0x0006  469  469  0x05  06  06  00  0035  075  บ foreign curr. 6 บ
*544*  0x0007  469  469  0x05  07  07  00  0036  075  บ foreign curr. 7 บ
*545*  0x0008  469  469  0x05  08  08  00  0037  075  บ foreign curr. 8 บ
*546*  0x0009  469  469  0x05  09  00  00  0038  075  บ foreign curr. 9 บ
*547*  0x000a  469  469  0x05  10  00  00  0039  075  บ foreign curr.10 บ
       0x0000  000                                    ศอออออออออออออออออผ
                    txt  flag max msk dec  help  act  ษอออออออออออออออออป
*548*               031  0x84  13  13  00  0030  000  บ ec checque      บ
line#    code  nxt  alt  lock max min dec  spec  act  ฬอออออออออออออออออน
*549*  0x000d  492  550  0x05  13  00  00  0001  072  บ card number     บ
       0x0000  494                                    ศอออออออออออออออออผ
                    txt  flag max msk dec  help  act  ษอออออออออออออออออป
*550*               033  0x84  10  10  00  0031  000  บ bank entry info บ
line#    code  nxt  alt  lock max min dec  spec  act  ฬอออออออออออออออออน
*551*  0x000d  553  553  0x05  10  00  00  0002  072  บ account number  บ
*552*  0x4dec  492  555  0x05  10  10  00  0018  072  บ ec card by MSR  บ
       0x0000  494                                    ศอออออออออออออออออผ
                    txt  flag max msk dec  help  act  ษอออออออออออออออออป
*553*               034  0x84  08  08  00  0032  000  บ bank entry info บ
line#    code  nxt  alt  lock max min dec  spec  act  ฬอออออออออออออออออน
*554*  0x000d  492  555  0x05  08  00  00  0003  072  บ bank number     บ
       0x0000  494                                    ศอออออออออออออออออผ
                    txt  flag max msk dec  help  act  ษอออออออออออออออออป
*555*               032  0x04  13  13  00  0033  000  บ bank entry info บ
line#    code  nxt  alt  lock max min dec  spec  act  ฬอออออออออออออออออน
*556*  0x000d  557  557  0x05  13  04  00  0004  072  บ check number    บ
       0x0000  494                                    ศอออออออออออออออออผ
                    txt  flag max msk dec  help  act  ษอออออออออออออออออป
*557*               013  0x04  02  02  00  0034  000  บ bank entry info บ
line#    code  nxt  alt  lock max min dec  spec  act  ฬอออออออออออออออออน
*558*  0x000d  492  492  0x05  02  00  00  0005  072  บ check type      บ
       0x0000  494                                    ศอออออออออออออออออผ
                    txt  flag max msk dec  help  act  ษอออออออออออออออออป
*559*               015  0x04  14  00  00  0036  000  บ vendor coupons  บ
line#    code  nxt  alt  lock max min dec  spec  act  ฬอออออออออออออออออน
*560*  0x4f4f  061  562  0x05  14  01  00  0006  072  บ number by scan  บ
*561*  0x000d  061  562  0x05  14  01  00  0006  072  บ number by keyb  บ
       0x0000  494                                    ศอออออออออออออออออผ
                    txt  flag max msk dec  help  act  ษอออออออออออออออออป
*562*               025  0x04  07  07  99  0020  000  บ after tender    บ
line#    code  nxt  alt  lock max min dec  spec  act  ฬอออออออออออออออออน
*563*  0x0011  061  408  0x05  00  00  00  9999  074  บ error correct   บ
       0x0000  412                                    ศอออออออออออออออออผ
                    txt  flag max msk dec  help  act  ษอออออออออออออออออป
*564*               035  0x05  04  04  00  0900  000  บ onhand count    บ
line#    code  nxt  alt  lock max min dec  spec  act  ฬอออออออออออออออออน
*565*  0x0019  061  017  0x05  00  00  00  0000  086  บ cashcount total บ
*566*  0x001b  061  017  0x05  00  00  00  0000  082  บ cashcount abort บ
*567*  0x000d  564  574  0x05  00  00  00  0000  085  บ next denom/tnd  บ
*568*  0x0012  564  574  0x05  00  00  00  0000  085  บ next denom/tnd  บ
*569*  0x0011  564  574  0x05  00  00  00  0001  085  บ prev denom/tnd  บ
*570*  0x00b9  572  572  0x05  00  00  00  0002  085  บ minus           บ
*571*  0x000d  564  564  0x05  04  01  00  0000  083  บ count           บ
       0x0000  000                                    ศอออออออออออออออออผ
                    txt  flag max msk dec  help  act  ษอออออออออออออออออป
*572*               035  0x05  04  04  00  0904  000  บ after minus     บ
line#    code  nxt  alt  lock max min dec  spec  act  ฬอออออออออออออออออน
*573*  0x000b  564  564  0x05  00  00  00  0000  080  บ clear minus     บ
       0x0000  571                                    ศอออออออออออออออออผ
                    txt  flag max msk dec  help  act  ษอออออออออออออออออป
*574*               036  0x05  07  07  99  0901  000  บ onhand amount   บ
line#    code  nxt  alt  lock max min dec  spec  act  ฬอออออออออออออออออน
*575*  0x0019  061  017  0x05  00  00  00  0000  086  บ cashcount total บ
*576*  0x001b  061  017  0x05  00  00  00  0000  082  บ cashcount abort บ
*577*  0x000d  564  574  0x05  00  00  00  0000  085  บ next denom/tnd  บ
*578*  0x0012  564  574  0x05  00  00  00  0000  085  บ next denom/tnd  บ
*579*  0x00e1  564  574  0x05  00  00  00  0001  087  บ tender preset 1 บ
*580*  0x00e2  564  574  0x05  00  00  00  0002  087  บ tender preset 2 บ
*581*  0x00e3  564  574  0x05  00  00  00  0003  087  บ tender preset 3 บ
*582*  0x00e4  564  574  0x05  00  00  00  0004  087  บ tender preset 4 บ
*583*  0x00e5  564  574  0x05  00  00  00  0005  087  บ tender preset 5 บ
*584*  0x00e6  564  574  0x05  00  00  00  0006  087  บ tender preset 6 บ
*585*  0x00e7  564  574  0x05  00  00  00  0007  087  บ tender preset 7 บ
*586*  0x00e8  564  574  0x05  00  00  00  0008  087  บ tender preset 8 บ
*587*  0x00e9  564  574  0x05  00  00  00  0009  087  บ tender preset 9 บ
*588*  0x00ea  564  574  0x05  00  00  00  0010  087  บ tender preset A บ
*589*  0x00eb  564  574  0x05  00  00  00  0011  087  บ tender preset B บ
*590*  0x00ec  564  574  0x05  00  00  00  0012  087  บ tender preset C บ
*591*  0x00ed  564  574  0x05  00  00  00  0013  087  บ tender preset D บ
*592*  0x00ee  564  574  0x05  00  00  00  0014  087  บ tender preset E บ
*593*  0x00ef  564  574  0x05  00  00  00  0015  087  บ tender preset F บ
*594*  0x0011  564  574  0x05  00  00  00  0001  085  บ prev denom/tnd  บ
*595*  0x00b9  599  599  0x05  00  00  00  0002  085  บ minus           บ
*596*  0x0010  601  601  0x05  04  01  00  0003  085  บ x               บ
*597*  0x0006  601  601  0x05  04  01  00  0004  085  บ for             บ
*598*  0x000d  574  574  0x05  07  01  99  0000  084  บ amount          บ
       0x0000  000                                    ศอออออออออออออออออผ
                    txt  flag max msk dec  help  act  ษอออออออออออออออออป
*599*               036  0x05  07  07  99  0905  000  บ after minus     บ
line#    code  nxt  alt  lock max min dec  spec  act  ฬอออออออออออออออออน
*600*  0x000b  574  574  0x05  00  00  00  0001  080  บ clear minus     บ
       0x0000  596                                    ศอออออออออออออออออผ
                    txt  flag max msk dec  help  act  ษอออออออออออออออออป
*601*               036  0x05  07  07  99  0903  000  บ after x / for   บ
line#    code  nxt  alt  lock max min dec  spec  act  ฬอออออออออออออออออน
*602*  0x000b  574  574  0x05  00  00  00  0002  080  บ clear x / for   บ
       0x0000  598                                    ศอออออออออออออออออผ
                    txt  flag max msk dec  help  act  ษอออออออออออออออออป
*603*               006  0x03  04  04  00  7500  000  บ preset dpt keys บ
line#    code  nxt  alt  lock max min dec  spec  act  ฬอออออออออออออออออน
*604*  0x00d1  603  603  0x04  04  00  00  0001  109  บ dpt preset key1 บ
*605*  0x00d2  603  603  0x04  04  00  00  0002  109  บ dpt preset key2 บ
*606*  0x00d3  603  603  0x04  04  00  00  0003  109  บ dpt preset key3 บ
*607*  0x00d4  603  603  0x04  04  00  00  0004  109  บ dpt preset key4 บ
*608*  0x00d5  603  603  0x04  04  00  00  0005  109  บ dpt preset key5 บ
*609*  0x00d6  603  603  0x04  04  00  00  0006  109  บ dpt preset key6 บ
*610*  0x00d7  603  603  0x04  04  00  00  0007  109  บ dpt preset key7 บ
*611*  0x00d8  603  603  0x04  04  00  00  0008  109  บ dpt preset key8 บ
*612*  0x00d9  603  603  0x04  04  00  00  0009  109  บ dpt preset key9 บ
*613*  0x00da  603  603  0x04  04  00  00  0010  109  บ dpt preset keyA บ
*614*  0x00db  603  603  0x04  04  00  00  0011  109  บ dpt preset keyB บ
*615*  0x00dc  603  603  0x04  04  00  00  0012  109  บ dpt preset keyC บ
*616*  0x00dd  603  603  0x04  04  00  00  0013  109  บ dpt preset keyD บ
*617*  0x00de  603  603  0x04  04  00  00  0014  109  บ dpt preset keyE บ
*618*  0x00df  603  603  0x04  04  00  00  0015  109  บ dpt preset keyF บ
*619*  0x0019  061  017  0x05  00  00  00  0000  109  บ end maint       บ
       0x0000  000                                    ศอออออออออออออออออผ
                    txt  flag max msk dec  help  act  ษอออออออออออออออออป
*620*               000  0x00  00  00  00  0000  000  บ <<END>> <<END>> บ
line#    code  nxt  alt  lock max min dec  spec  act  ฬอออออออออออออออออน
-------------------------------------------------------------------------
